mode: atomic
github.com/sangianpatrick/go-playcourt-drive/usecase.go:13.77,17.16 3 4
github.com/sangianpatrick/go-playcourt-drive/usecase.go:21.2,33.41 6 4
github.com/sangianpatrick/go-playcourt-drive/usecase.go:37.2,39.38 2 2
github.com/sangianpatrick/go-playcourt-drive/usecase.go:43.2,45.8 3 1
github.com/sangianpatrick/go-playcourt-drive/usecase.go:17.16,19.3 1 0
github.com/sangianpatrick/go-playcourt-drive/usecase.go:33.41,35.3 1 2
github.com/sangianpatrick/go-playcourt-drive/usecase.go:39.38,41.3 1 1
github.com/sangianpatrick/go-playcourt-drive/usecase.go:48.45,49.16 1 4
github.com/sangianpatrick/go-playcourt-drive/usecase.go:53.2,53.37 1 2
github.com/sangianpatrick/go-playcourt-drive/usecase.go:57.2,57.22 1 1
github.com/sangianpatrick/go-playcourt-drive/usecase.go:49.16,51.3 1 2
github.com/sangianpatrick/go-playcourt-drive/usecase.go:53.37,55.3 1 1
github.com/sangianpatrick/go-playcourt-drive/api.go:19.100,21.37 1 4
github.com/sangianpatrick/go-playcourt-drive/api.go:40.2,40.8 1 3
github.com/sangianpatrick/go-playcourt-drive/api.go:21.37,22.12 1 7
github.com/sangianpatrick/go-playcourt-drive/api.go:29.3,30.17 2 7
github.com/sangianpatrick/go-playcourt-drive/api.go:37.3,37.8 1 2
github.com/sangianpatrick/go-playcourt-drive/api.go:22.12,27.4 4 3
github.com/sangianpatrick/go-playcourt-drive/api.go:30.17,31.39 1 5
github.com/sangianpatrick/go-playcourt-drive/api.go:34.4,34.12 1 4
github.com/sangianpatrick/go-playcourt-drive/api.go:31.39,33.5 1 1
github.com/sangianpatrick/go-playcourt-drive/drive.go:12.95,14.2 1 4
github.com/sangianpatrick/go-playcourt-drive/drive.go:17.63,19.2 1 4
github.com/sangianpatrick/go-playcourt-drive/drive.go:37.44,39.16 2 8
github.com/sangianpatrick/go-playcourt-drive/drive.go:43.2,43.18 1 7
github.com/sangianpatrick/go-playcourt-drive/drive.go:39.16,41.3 1 1
github.com/sangianpatrick/go-playcourt-drive/drive.go:44.14,45.14 1 5
github.com/sangianpatrick/go-playcourt-drive/drive.go:46.15,47.14 1 1
github.com/sangianpatrick/go-playcourt-drive/drive.go:48.10,49.9 1 1
github.com/sangianpatrick/go-playcourt-drive/drive.go:53.39,56.38 3 6
github.com/sangianpatrick/go-playcourt-drive/drive.go:60.2,60.10 1 5
github.com/sangianpatrick/go-playcourt-drive/drive.go:56.38,58.3 1 1
github.com/sangianpatrick/go-playcourt-drive/drive.go:63.42,66.44 3 6
github.com/sangianpatrick/go-playcourt-drive/drive.go:70.2,70.11 1 1
github.com/sangianpatrick/go-playcourt-drive/drive.go:66.44,68.3 1 5
github.com/sangianpatrick/go-playcourt-drive/drive.go:73.49,74.14 1 6
github.com/sangianpatrick/go-playcourt-drive/drive.go:77.2,77.10 1 5
github.com/sangianpatrick/go-playcourt-drive/drive.go:74.14,76.3 1 1
github.com/sangianpatrick/go-playcourt-drive/drive.go:81.55,82.19 1 9
github.com/sangianpatrick/go-playcourt-drive/drive.go:87.2,87.24 1 8
github.com/sangianpatrick/go-playcourt-drive/drive.go:91.2,91.31 1 8
github.com/sangianpatrick/go-playcourt-drive/drive.go:96.2,114.8 6 6
github.com/sangianpatrick/go-playcourt-drive/drive.go:82.19,85.3 2 1
github.com/sangianpatrick/go-playcourt-drive/drive.go:87.24,89.3 1 8
github.com/sangianpatrick/go-playcourt-drive/drive.go:91.31,94.3 2 2
